[2025-05-08T17:34:16.727+0000] {manager.py:470} INFO - Processing files using up to 2 processes at a time 
[2025-05-08T17:34:16.729+0000] {manager.py:471} INFO - Process each file at most once every 30 seconds
[2025-05-08T17:34:16.731+0000] {manager.py:472} INFO - Checking for new files in /opt/airflow/dags every 300 seconds
[2025-05-08T17:34:16.732+0000] {manager.py:737} INFO - Searching for files in /opt/airflow/dags
[2025-05-08T17:34:16.745+0000] {manager.py:740} INFO - There are 1 files in /opt/airflow/dags
[2025-05-08T17:34:16.835+0000] {manager.py:878} INFO - 
================================================================================
DAG File Processing Stats

File Path                                  PID  Runtime      # DAGs    # Errors  Last Runtime    Last Run
---------------------------------------  -----  ---------  --------  ----------  --------------  ----------
/opt/airflow/dags/crypto_tracker_dag.py    164  0.03s             0           0
================================================================================
[2025-05-08T17:34:47.161+0000] {manager.py:878} INFO - 
================================================================================
DAG File Processing Stats

File Path                                  PID  Runtime      # DAGs    # Errors  Last Runtime    Last Run
---------------------------------------  -----  ---------  --------  ----------  --------------  -------------------
/opt/airflow/dags/crypto_tracker_dag.py    169  0.01s             0           1  0.06s           2025-05-08T17:34:16
================================================================================
[2025-05-08T17:35:17.495+0000] {manager.py:878} INFO - 
================================================================================
DAG File Processing Stats

File Path                                  PID  Runtime      # DAGs    # Errors  Last Runtime    Last Run
---------------------------------------  -----  ---------  --------  ----------  --------------  -------------------
/opt/airflow/dags/crypto_tracker_dag.py    174  0.01s             0           1  0.11s           2025-05-08T17:34:47
================================================================================
[2025-05-08T17:35:47.798+0000] {manager.py:878} INFO - 
================================================================================
DAG File Processing Stats

File Path                                  PID  Runtime      # DAGs    # Errors  Last Runtime    Last Run
---------------------------------------  -----  ---------  --------  ----------  --------------  -------------------
/opt/airflow/dags/crypto_tracker_dag.py    179  0.01s             0           1  0.07s           2025-05-08T17:35:17
================================================================================
[2025-05-08T17:36:18.209+0000] {manager.py:878} INFO - 
================================================================================
DAG File Processing Stats

File Path                                  PID  Runtime      # DAGs    # Errors  Last Runtime    Last Run
---------------------------------------  -----  ---------  --------  ----------  --------------  -------------------
/opt/airflow/dags/crypto_tracker_dag.py    184  0.02s             0           1  0.08s           2025-05-08T17:35:47
================================================================================
[2025-05-08T17:36:48.566+0000] {manager.py:878} INFO - 
================================================================================
DAG File Processing Stats

File Path                                  PID  Runtime      # DAGs    # Errors  Last Runtime    Last Run
---------------------------------------  -----  ---------  --------  ----------  --------------  -------------------
/opt/airflow/dags/crypto_tracker_dag.py    189  0.01s             0           1  0.12s           2025-05-08T17:36:18
================================================================================
[2025-05-08T17:37:18.938+0000] {manager.py:878} INFO - 
================================================================================
DAG File Processing Stats

File Path                                  PID  Runtime      # DAGs    # Errors  Last Runtime    Last Run
---------------------------------------  -----  ---------  --------  ----------  --------------  -------------------
/opt/airflow/dags/crypto_tracker_dag.py    194  0.01s             0           1  0.08s           2025-05-08T17:36:48
================================================================================
[2025-05-08T17:37:49.304+0000] {manager.py:878} INFO - 
================================================================================
DAG File Processing Stats

File Path                                  PID  Runtime      # DAGs    # Errors  Last Runtime    Last Run
---------------------------------------  -----  ---------  --------  ----------  --------------  -------------------
/opt/airflow/dags/crypto_tracker_dag.py    199  0.01s             0           1  0.06s           2025-05-08T17:37:18
================================================================================
[2025-05-08T17:38:19.812+0000] {manager.py:878} INFO - 
================================================================================
DAG File Processing Stats

File Path                                  PID  Runtime      # DAGs    # Errors  Last Runtime    Last Run
---------------------------------------  -----  ---------  --------  ----------  --------------  -------------------
/opt/airflow/dags/crypto_tracker_dag.py    204  0.01s             0           1  0.09s           2025-05-08T17:37:49
================================================================================
[2025-05-08T17:38:50.216+0000] {manager.py:878} INFO - 
================================================================================
DAG File Processing Stats

File Path                                  PID  Runtime      # DAGs    # Errors  Last Runtime    Last Run
---------------------------------------  -----  ---------  --------  ----------  --------------  -------------------
/opt/airflow/dags/crypto_tracker_dag.py    209  0.02s             0           1  0.08s           2025-05-08T17:38:19
================================================================================
[2025-05-08T17:39:06.704+0000] {manager.py:452} INFO - Exiting gracefully upon receiving signal 15
[2025-05-08T17:39:35.039+0000] {manager.py:470} INFO - Processing files using up to 2 processes at a time 
[2025-05-08T17:39:35.040+0000] {manager.py:471} INFO - Process each file at most once every 30 seconds
[2025-05-08T17:39:35.040+0000] {manager.py:472} INFO - Checking for new files in /opt/airflow/dags every 300 seconds
[2025-05-08T17:39:35.040+0000] {manager.py:737} INFO - Searching for files in /opt/airflow/dags
[2025-05-08T17:39:35.043+0000] {manager.py:740} INFO - There are 1 files in /opt/airflow/dags
[2025-05-08T17:39:35.125+0000] {manager.py:878} INFO - 
================================================================================
DAG File Processing Stats

File Path                                  PID  Runtime      # DAGs    # Errors  Last Runtime    Last Run
---------------------------------------  -----  ---------  --------  ----------  --------------  ----------
/opt/airflow/dags/crypto_tracker_dag.py    164  0.03s             0           0
================================================================================
[2025-05-08T17:40:05.609+0000] {manager.py:878} INFO - 
================================================================================
DAG File Processing Stats

File Path                                  PID  Runtime      # DAGs    # Errors  Last Runtime    Last Run
---------------------------------------  -----  ---------  --------  ----------  --------------  -------------------
/opt/airflow/dags/crypto_tracker_dag.py    169  0.02s             0           1  0.05s           2025-05-08T17:39:35
================================================================================
[2025-05-08T17:40:35.964+0000] {manager.py:878} INFO - 
================================================================================
DAG File Processing Stats

File Path                                  PID  Runtime      # DAGs    # Errors  Last Runtime    Last Run
---------------------------------------  -----  ---------  --------  ----------  --------------  -------------------
/opt/airflow/dags/crypto_tracker_dag.py    174  0.01s             0           1  0.15s           2025-05-08T17:40:05
================================================================================
[2025-05-08T17:41:06.320+0000] {manager.py:878} INFO - 
================================================================================
DAG File Processing Stats

File Path                                  PID  Runtime      # DAGs    # Errors  Last Runtime    Last Run
---------------------------------------  -----  ---------  --------  ----------  --------------  -------------------
/opt/airflow/dags/crypto_tracker_dag.py    179  0.02s             0           1  0.10s           2025-05-08T17:40:36
================================================================================
[2025-05-08T17:41:36.762+0000] {manager.py:878} INFO - 
================================================================================
DAG File Processing Stats

File Path                                  PID  Runtime      # DAGs    # Errors  Last Runtime    Last Run
---------------------------------------  -----  ---------  --------  ----------  --------------  -------------------
/opt/airflow/dags/crypto_tracker_dag.py    184  0.03s             0           1  0.13s           2025-05-08T17:41:06
================================================================================
[2025-05-08T17:42:07.174+0000] {manager.py:878} INFO - 
================================================================================
DAG File Processing Stats

File Path                                  PID  Runtime      # DAGs    # Errors  Last Runtime    Last Run
---------------------------------------  -----  ---------  --------  ----------  --------------  -------------------
/opt/airflow/dags/crypto_tracker_dag.py    189  0.02s             0           1  0.11s           2025-05-08T17:41:36
================================================================================
[2025-05-08T17:42:37.535+0000] {manager.py:878} INFO - 
================================================================================
DAG File Processing Stats

File Path                                  PID  Runtime      # DAGs    # Errors  Last Runtime    Last Run
---------------------------------------  -----  ---------  --------  ----------  --------------  -------------------
/opt/airflow/dags/crypto_tracker_dag.py    194  0.01s             0           1  0.12s           2025-05-08T17:42:07
================================================================================
[2025-05-08T17:43:07.985+0000] {manager.py:878} INFO - 
================================================================================
DAG File Processing Stats

File Path                                  PID  Runtime      # DAGs    # Errors  Last Runtime    Last Run
---------------------------------------  -----  ---------  --------  ----------  --------------  -------------------
/opt/airflow/dags/crypto_tracker_dag.py    199  0.02s             0           1  0.08s           2025-05-08T17:42:37
================================================================================
[2025-05-08T17:43:30.935+0000] {manager.py:452} INFO - Exiting gracefully upon receiving signal 15
[2025-05-08T17:43:52.715+0000] {manager.py:470} INFO - Processing files using up to 2 processes at a time 
[2025-05-08T17:43:52.716+0000] {manager.py:471} INFO - Process each file at most once every 30 seconds
[2025-05-08T17:43:52.717+0000] {manager.py:472} INFO - Checking for new files in /opt/airflow/dags every 300 seconds
[2025-05-08T17:43:52.717+0000] {manager.py:737} INFO - Searching for files in /opt/airflow/dags
[2025-05-08T17:43:52.738+0000] {manager.py:740} INFO - There are 1 files in /opt/airflow/dags
[2025-05-08T17:43:52.856+0000] {manager.py:878} INFO - 
================================================================================
DAG File Processing Stats

File Path                                  PID  Runtime      # DAGs    # Errors  Last Runtime    Last Run
---------------------------------------  -----  ---------  --------  ----------  --------------  ----------
/opt/airflow/dags/crypto_tracker_dag.py    163  0.03s             0           0
================================================================================
[2025-05-08T17:44:23.299+0000] {manager.py:878} INFO - 
================================================================================
DAG File Processing Stats

File Path                                  PID  Runtime      # DAGs    # Errors  Last Runtime    Last Run
---------------------------------------  -----  ---------  --------  ----------  --------------  -------------------
/opt/airflow/dags/crypto_tracker_dag.py    168  0.03s             0           1  0.05s           2025-05-08T17:43:52
================================================================================
[2025-05-08T17:44:53.725+0000] {manager.py:878} INFO - 
================================================================================
DAG File Processing Stats

File Path                                  PID  Runtime      # DAGs    # Errors  Last Runtime    Last Run
---------------------------------------  -----  ---------  --------  ----------  --------------  -------------------
/opt/airflow/dags/crypto_tracker_dag.py    173  0.01s             0           1  0.17s           2025-05-08T17:44:23
================================================================================
[2025-05-08T17:45:24.070+0000] {manager.py:878} INFO - 
================================================================================
DAG File Processing Stats

File Path                                  PID  Runtime      # DAGs    # Errors  Last Runtime    Last Run
---------------------------------------  -----  ---------  --------  ----------  --------------  -------------------
/opt/airflow/dags/crypto_tracker_dag.py    178  0.02s             0           1  0.07s           2025-05-08T17:44:53
================================================================================
[2025-05-08T17:45:54.416+0000] {manager.py:878} INFO - 
================================================================================
DAG File Processing Stats

File Path                                  PID  Runtime      # DAGs    # Errors  Last Runtime    Last Run
---------------------------------------  -----  ---------  --------  ----------  --------------  -------------------
/opt/airflow/dags/crypto_tracker_dag.py    183  0.01s             0           1  0.09s           2025-05-08T17:45:24
================================================================================
[2025-05-08T17:46:24.770+0000] {manager.py:878} INFO - 
================================================================================
DAG File Processing Stats

File Path                                  PID  Runtime      # DAGs    # Errors  Last Runtime    Last Run
---------------------------------------  -----  ---------  --------  ----------  --------------  -------------------
/opt/airflow/dags/crypto_tracker_dag.py    188  0.01s             0           1  0.09s           2025-05-08T17:45:54
================================================================================
[2025-05-08T17:46:55.206+0000] {manager.py:878} INFO - 
================================================================================
DAG File Processing Stats

File Path                                  PID  Runtime      # DAGs    # Errors  Last Runtime    Last Run
---------------------------------------  -----  ---------  --------  ----------  --------------  -------------------
/opt/airflow/dags/crypto_tracker_dag.py    193  0.01s             0           1  0.11s           2025-05-08T17:46:24
================================================================================
[2025-05-08T17:47:25.578+0000] {manager.py:878} INFO - 
================================================================================
DAG File Processing Stats

File Path                                  PID  Runtime      # DAGs    # Errors  Last Runtime    Last Run
---------------------------------------  -----  ---------  --------  ----------  --------------  -------------------
/opt/airflow/dags/crypto_tracker_dag.py    198  0.02s             0           1  0.07s           2025-05-08T17:46:55
================================================================================
[2025-05-08T17:47:55.926+0000] {manager.py:878} INFO - 
================================================================================
DAG File Processing Stats

File Path                                  PID  Runtime      # DAGs    # Errors  Last Runtime    Last Run
---------------------------------------  -----  ---------  --------  ----------  --------------  -------------------
/opt/airflow/dags/crypto_tracker_dag.py    203  0.01s             0           1  0.12s           2025-05-08T17:47:25
================================================================================
[2025-05-08T17:48:26.281+0000] {manager.py:878} INFO - 
================================================================================
DAG File Processing Stats

File Path                                  PID  Runtime      # DAGs    # Errors  Last Runtime    Last Run
---------------------------------------  -----  ---------  --------  ----------  --------------  -------------------
/opt/airflow/dags/crypto_tracker_dag.py    208  0.02s             0           1  0.06s           2025-05-08T17:47:55
================================================================================
[2025-05-08T17:48:53.580+0000] {manager.py:737} INFO - Searching for files in /opt/airflow/dags
[2025-05-08T17:48:53.590+0000] {manager.py:740} INFO - There are 1 files in /opt/airflow/dags
[2025-05-08T17:48:56.879+0000] {manager.py:878} INFO - 
================================================================================
DAG File Processing Stats

File Path                                  PID  Runtime      # DAGs    # Errors  Last Runtime    Last Run
---------------------------------------  -----  ---------  --------  ----------  --------------  -------------------
/opt/airflow/dags/crypto_tracker_dag.py    213  0.01s             0           1  0.10s           2025-05-08T17:48:26
================================================================================
[2025-05-08T17:53:20.279+0000] {manager.py:878} INFO - 
================================================================================
DAG File Processing Stats

File Path                                PID    Runtime      # DAGs    # Errors  Last Runtime    Last Run
---------------------------------------  -----  ---------  --------  ----------  --------------  -------------------
/opt/airflow/dags/crypto_tracker_dag.py                           0           1  0.23s           2025-05-08T17:53:19
================================================================================
[2025-05-08T17:53:50.695+0000] {manager.py:878} INFO - 
================================================================================
DAG File Processing Stats

File Path                                PID    Runtime      # DAGs    # Errors  Last Runtime    Last Run
---------------------------------------  -----  ---------  --------  ----------  --------------  -------------------
/opt/airflow/dags/crypto_tracker_dag.py                           0           1  0.11s           2025-05-08T17:53:49
================================================================================
[2025-05-08T17:53:53.730+0000] {manager.py:737} INFO - Searching for files in /opt/airflow/dags
[2025-05-08T17:53:53.738+0000] {manager.py:740} INFO - There are 1 files in /opt/airflow/dags
[2025-05-08T17:54:21.239+0000] {manager.py:878} INFO - 
================================================================================
DAG File Processing Stats

File Path                                PID    Runtime      # DAGs    # Errors  Last Runtime    Last Run
---------------------------------------  -----  ---------  --------  ----------  --------------  -------------------
/opt/airflow/dags/crypto_tracker_dag.py                           0           1  0.19s           2025-05-08T17:54:20
================================================================================
[2025-05-08T17:54:51.729+0000] {manager.py:878} INFO - 
================================================================================
DAG File Processing Stats

File Path                                PID    Runtime      # DAGs    # Errors  Last Runtime    Last Run
---------------------------------------  -----  ---------  --------  ----------  --------------  -------------------
/opt/airflow/dags/crypto_tracker_dag.py                           0           1  0.10s           2025-05-08T17:54:50
================================================================================
[2025-05-08T17:54:52.337+0000] {manager.py:452} INFO - Exiting gracefully upon receiving signal 15
